<?xml version="1.0" encoding="UTF-8"?>
<!-- Generated by org.testng.reporters.JUnitReportReporter -->
<testsuite skipped="0" hostname="DESKTOP-HJNQRT4" name="demo2.LoginPageTest" tests="2" failures="0" timestamp="2022-08-29T17:51:09 IST" time="49.055" errors="0">
  <testcase name="varifyMethod" time="3.523" classname="demo2.LoginPageTest"/>
  <system-out/>
  <testcase name="byingItem" time="45.532" classname="demo2.LoginPageTest"/>
  <system-out/>
</testsuite> <!-- demo2.LoginPageTest -->
